<!DOCTYPE html>
<html>

<head>
    <title>tp2-solution.md</title>
    <meta http-equiv="Content-type" content="text/html;charset=UTF-8">
    
<style>
/* https://github.com/microsoft/vscode/blob/master/extensions/markdown-language-features/media/markdown.css */
/*---------------------------------------------------------------------------------------------
 *  Copyright (c) Microsoft Corporation. All rights reserved.
 *  Licensed under the MIT License. See License.txt in the project root for license information.
 *--------------------------------------------------------------------------------------------*/

body {
	font-family: var(--vscode-markdown-font-family, -apple-system, BlinkMacSystemFont, "Segoe WPC", "Segoe UI", "Ubuntu", "Droid Sans", sans-serif);
	font-size: var(--vscode-markdown-font-size, 14px);
	padding: 0 26px;
	line-height: var(--vscode-markdown-line-height, 22px);
	word-wrap: break-word;
}

html,footer,header{
	font-family: var(--vscode-markdown-font-family, -apple-system, BlinkMacSystemFont, "Segoe WPC", "Segoe UI", "Ubuntu", "Droid Sans", sans-serif);
	font-size: var(--vscode-markdown-font-size, 14px);
}

#code-csp-warning {
	position: fixed;
	top: 0;
	right: 0;
	color: white;
	margin: 16px;
	text-align: center;
	font-size: 12px;
	font-family: sans-serif;
	background-color:#444444;
	cursor: pointer;
	padding: 6px;
	box-shadow: 1px 1px 1px rgba(0,0,0,.25);
}

#code-csp-warning:hover {
	text-decoration: none;
	background-color:#007acc;
	box-shadow: 2px 2px 2px rgba(0,0,0,.25);
}

body.scrollBeyondLastLine {
	margin-bottom: calc(100vh - 22px);
}

body.showEditorSelection .code-line {
	position: relative;
}

body.showEditorSelection .code-active-line:before,
body.showEditorSelection .code-line:hover:before {
	content: "";
	display: block;
	position: absolute;
	top: 0;
	left: -12px;
	height: 100%;
}

body.showEditorSelection li.code-active-line:before,
body.showEditorSelection li.code-line:hover:before {
	left: -30px;
}

.vscode-light.showEditorSelection .code-active-line:before {
	border-left: 3px solid rgba(0, 0, 0, 0.15);
}

.vscode-light.showEditorSelection .code-line:hover:before {
	border-left: 3px solid rgba(0, 0, 0, 0.40);
}

.vscode-light.showEditorSelection .code-line .code-line:hover:before {
	border-left: none;
}

.vscode-dark.showEditorSelection .code-active-line:before {
	border-left: 3px solid rgba(255, 255, 255, 0.4);
}

.vscode-dark.showEditorSelection .code-line:hover:before {
	border-left: 3px solid rgba(255, 255, 255, 0.60);
}

.vscode-dark.showEditorSelection .code-line .code-line:hover:before {
	border-left: none;
}

.vscode-high-contrast.showEditorSelection .code-active-line:before {
	border-left: 3px solid rgba(255, 160, 0, 0.7);
}

.vscode-high-contrast.showEditorSelection .code-line:hover:before {
	border-left: 3px solid rgba(255, 160, 0, 1);
}

.vscode-high-contrast.showEditorSelection .code-line .code-line:hover:before {
	border-left: none;
}

img {
	max-width: 100%;
	max-height: 100%;
}

a {
	text-decoration: none;
}

a:hover {
	text-decoration: underline;
}

a:focus,
input:focus,
select:focus,
textarea:focus {
	outline: 1px solid -webkit-focus-ring-color;
	outline-offset: -1px;
}

hr {
	border: 0;
	height: 2px;
	border-bottom: 2px solid;
}

h1 {
	padding-bottom: 0.3em;
	line-height: 1.2;
	border-bottom-width: 1px;
	border-bottom-style: solid;
}

h1, h2, h3 {
	font-weight: normal;
}

table {
	border-collapse: collapse;
}

table > thead > tr > th {
	text-align: left;
	border-bottom: 1px solid;
}

table > thead > tr > th,
table > thead > tr > td,
table > tbody > tr > th,
table > tbody > tr > td {
	padding: 5px 10px;
}

table > tbody > tr + tr > td {
	border-top: 1px solid;
}

blockquote {
	margin: 0 7px 0 5px;
	padding: 0 16px 0 10px;
	border-left-width: 5px;
	border-left-style: solid;
}

code {
	font-family: Menlo, Monaco, Consolas, "Droid Sans Mono", "Courier New", monospace, "Droid Sans Fallback";
	font-size: 1em;
	line-height: 1.357em;
}

body.wordWrap pre {
	white-space: pre-wrap;
}

pre:not(.hljs),
pre.hljs code > div {
	padding: 16px;
	border-radius: 3px;
	overflow: auto;
}

pre code {
	color: var(--vscode-editor-foreground);
	tab-size: 4;
}

/** Theming */

.vscode-light pre {
	background-color: rgba(220, 220, 220, 0.4);
}

.vscode-dark pre {
	background-color: rgba(10, 10, 10, 0.4);
}

.vscode-high-contrast pre {
	background-color: rgb(0, 0, 0);
}

.vscode-high-contrast h1 {
	border-color: rgb(0, 0, 0);
}

.vscode-light table > thead > tr > th {
	border-color: rgba(0, 0, 0, 0.69);
}

.vscode-dark table > thead > tr > th {
	border-color: rgba(255, 255, 255, 0.69);
}

.vscode-light h1,
.vscode-light hr,
.vscode-light table > tbody > tr + tr > td {
	border-color: rgba(0, 0, 0, 0.18);
}

.vscode-dark h1,
.vscode-dark hr,
.vscode-dark table > tbody > tr + tr > td {
	border-color: rgba(255, 255, 255, 0.18);
}

</style>

<style>
/* Tomorrow Theme */
/* http://jmblog.github.com/color-themes-for-google-code-highlightjs */
/* Original theme - https://github.com/chriskempson/tomorrow-theme */

/* Tomorrow Comment */
.hljs-comment,
.hljs-quote {
	color: #8e908c;
}

/* Tomorrow Red */
.hljs-variable,
.hljs-template-variable,
.hljs-tag,
.hljs-name,
.hljs-selector-id,
.hljs-selector-class,
.hljs-regexp,
.hljs-deletion {
	color: #c82829;
}

/* Tomorrow Orange */
.hljs-number,
.hljs-built_in,
.hljs-builtin-name,
.hljs-literal,
.hljs-type,
.hljs-params,
.hljs-meta,
.hljs-link {
	color: #f5871f;
}

/* Tomorrow Yellow */
.hljs-attribute {
	color: #eab700;
}

/* Tomorrow Green */
.hljs-string,
.hljs-symbol,
.hljs-bullet,
.hljs-addition {
	color: #718c00;
}

/* Tomorrow Blue */
.hljs-title,
.hljs-section {
	color: #4271ae;
}

/* Tomorrow Purple */
.hljs-keyword,
.hljs-selector-tag {
	color: #8959a8;
}

.hljs {
	display: block;
	overflow-x: auto;
	color: #4d4d4c;
	padding: 0.5em;
}

.hljs-emphasis {
	font-style: italic;
}

.hljs-strong {
	font-weight: bold;
}
</style>

<style>
/*
 * Custom MD PDF CSS
 */
html,footer,header{
	font-family: -apple-system, BlinkMacSystemFont, "Segoe WPC", "Segoe UI", "Ubuntu", "Droid Sans", sans-serif, "Meiryo";

 }
body {
	font-family: -apple-system, BlinkMacSystemFont, "Segoe WPC", "Segoe UI", "Ubuntu", "Droid Sans", sans-serif, "Meiryo";
	padding: 0 12px;
}

pre {
	background-color: #f8f8f8;
	border: 1px solid #cccccc;
	border-radius: 3px;
	overflow-x: auto;
	white-space: pre-wrap;
	overflow-wrap: break-word;
}

pre:not(.hljs) {
	padding: 23px;
	line-height: 19px;
}

blockquote {
	background: rgba(127, 127, 127, 0.1);
	border-color: rgba(0, 122, 204, 0.5);
}

.emoji {
	height: 1.4em;
}

code {
	font-size: 14px;
	line-height: 19px;
}

/* for inline code */
:not(pre):not(.hljs) > code {
	color: #C9AE75; /* Change the old color so it seems less like an error */
	font-size: inherit;
}

/* Page Break : use <div class="page"/> to insert page break
-------------------------------------------------------- */
.page {
	page-break-after: always;
}

</style>
<link rel="stylesheet" href="file:///Users/mohamed/Documents/formation/postgres-hibernate-fdj/R%3A%5C2.Travail%5C1.Enseignement%5CCours%5C_1.Outils%5C2.Developpement%5C1.SCSS%5Cmain.css" type="text/css"><link rel="stylesheet" href="file:///Users/mohamed/Documents/formation/postgres-hibernate-fdj/D%3A%5Crdaros%5CCours%5C_1.Outils%5C2.Developpement%5C1.SCSS%5Cmain.css" type="text/css">
</head>

<body>
    <hr>
<h1 id="tp--utilisation-de-diff%C3%A9rents-types-dindex-dans-la-base-de-donn%C3%A9es-chinook">TP : Utilisation de Différents Types d'Index dans la Base de Données Chinook</h1>
<h2 id="objectif">Objectif</h2>
<p>Optimiser les performances des requêtes en utilisant différents types d'index : B-tree, GIN, et BRIN.</p>
<h2 id="1-recherche-de-pistes-par-genre">1. Recherche de Pistes par Genre</h2>
<h3 id="11-requ%C3%AAte-initiale">1.1. Requête Initiale</h3>
<p>Requête pour rechercher toutes les pistes d'un genre spécifique (par exemple, <code>Rock</code>).</p>
<pre class="hljs"><code><div><span class="hljs-keyword">SELECT</span> * <span class="hljs-keyword">FROM</span> Track <span class="hljs-keyword">WHERE</span> GenreId = (<span class="hljs-keyword">SELECT</span> GenreId <span class="hljs-keyword">FROM</span> Genre <span class="hljs-keyword">WHERE</span> <span class="hljs-keyword">Name</span> = <span class="hljs-string">'Rock'</span>);
</div></code></pre>
<h3 id="12-plan-dex%C3%A9cution">1.2. Plan d'Exécution</h3>
<pre class="hljs"><code><div><span class="hljs-keyword">EXPLAIN</span> <span class="hljs-keyword">ANALYZE</span>
<span class="hljs-keyword">SELECT</span> * <span class="hljs-keyword">FROM</span> Track <span class="hljs-keyword">WHERE</span> GenreId = (<span class="hljs-keyword">SELECT</span> GenreId <span class="hljs-keyword">FROM</span> Genre <span class="hljs-keyword">WHERE</span> <span class="hljs-keyword">Name</span> = <span class="hljs-string">'Rock'</span>);
</div></code></pre>
<h3 id="13-cr%C3%A9ation-dun-index-b-tree">1.3. Création d'un Index B-tree</h3>
<p>L'index B-tree est le type d'index par défaut et est optimal pour les recherches de valeurs exactes.</p>
<pre class="hljs"><code><div><span class="hljs-keyword">CREATE</span> <span class="hljs-keyword">INDEX</span> idx_track_genreId <span class="hljs-keyword">ON</span> Track (GenreId);
</div></code></pre>
<h3 id="14-rejouer-la-requ%C3%AAte-avec-lindex-b-tree">1.4. Rejouer la Requête avec l'Index B-tree</h3>
<pre class="hljs"><code><div><span class="hljs-keyword">EXPLAIN</span> <span class="hljs-keyword">ANALYZE</span>
<span class="hljs-keyword">SELECT</span> * <span class="hljs-keyword">FROM</span> Track <span class="hljs-keyword">WHERE</span> GenreId = (<span class="hljs-keyword">SELECT</span> GenreId <span class="hljs-keyword">FROM</span> Genre <span class="hljs-keyword">WHERE</span> <span class="hljs-keyword">Name</span> = <span class="hljs-string">'Rock'</span>);
</div></code></pre>
<hr>
<h2 id="2-recherche-textuelle-dans-les-titres-de-pistes">2. Recherche Textuelle dans les Titres de Pistes</h2>
<h3 id="21-requ%C3%AAte-initiale">2.1. Requête Initiale</h3>
<p>Requête pour rechercher toutes les pistes contenant le mot &quot;Love&quot; dans leur titre.</p>
<pre class="hljs"><code><div><span class="hljs-keyword">SELECT</span> * <span class="hljs-keyword">FROM</span> Track <span class="hljs-keyword">WHERE</span> <span class="hljs-keyword">Name</span> <span class="hljs-keyword">ILIKE</span> <span class="hljs-string">'%Love%'</span>;
</div></code></pre>
<h3 id="22-plan-dex%C3%A9cution">2.2. Plan d'Exécution</h3>
<pre class="hljs"><code><div><span class="hljs-keyword">EXPLAIN</span> <span class="hljs-keyword">ANALYZE</span>
<span class="hljs-keyword">SELECT</span> * <span class="hljs-keyword">FROM</span> Track <span class="hljs-keyword">WHERE</span> <span class="hljs-keyword">Name</span> <span class="hljs-keyword">ILIKE</span> <span class="hljs-string">'%Love%'</span>;
</div></code></pre>
<h3 id="23-cr%C3%A9ation-dun-index-gin">2.3. Création d'un Index GIN</h3>
<p>Les index GIN sont optimaux pour les recherches textuelles et les types de données avec plusieurs valeurs.</p>
<pre class="hljs"><code><div><span class="hljs-keyword">CREATE</span> <span class="hljs-keyword">INDEX</span> idx_track_name_gin <span class="hljs-keyword">ON</span> Track <span class="hljs-keyword">USING</span> gin (to_tsvector(<span class="hljs-string">'english'</span>, <span class="hljs-keyword">Name</span>));
</div></code></pre>
<h3 id="24-rejouer-la-requ%C3%AAte-avec-lindex-gin">2.4. Rejouer la Requête avec l'Index GIN</h3>
<pre class="hljs"><code><div><span class="hljs-keyword">EXPLAIN</span> <span class="hljs-keyword">ANALYZE</span>
<span class="hljs-keyword">SELECT</span> * <span class="hljs-keyword">FROM</span> Track <span class="hljs-keyword">WHERE</span> to_tsvector(<span class="hljs-string">'english'</span>, <span class="hljs-keyword">Name</span>) @@ to_tsquery(<span class="hljs-string">'english'</span>, <span class="hljs-string">'Love'</span>);
</div></code></pre>
<hr>
<h2 id="3-analyse-des-ventes-par-piste">3. Analyse des Ventes par Piste</h2>
<h3 id="31-requ%C3%AAte-initiale">3.1. Requête Initiale</h3>
<p>Requête pour analyser les ventes de chaque piste.</p>
<pre class="hljs"><code><div><span class="hljs-keyword">SELECT</span> TrackId, <span class="hljs-keyword">SUM</span>(Quantity) <span class="hljs-keyword">AS</span> TotalSales
<span class="hljs-keyword">FROM</span> InvoiceLine
<span class="hljs-keyword">GROUP</span> <span class="hljs-keyword">BY</span> TrackId;
</div></code></pre>
<h3 id="32-plan-dex%C3%A9cution">3.2. Plan d'Exécution</h3>
<pre class="hljs"><code><div><span class="hljs-keyword">EXPLAIN</span> <span class="hljs-keyword">ANALYZE</span>
<span class="hljs-keyword">SELECT</span> TrackId, <span class="hljs-keyword">SUM</span>(Quantity) <span class="hljs-keyword">AS</span> TotalSales
<span class="hljs-keyword">FROM</span> InvoiceLine
<span class="hljs-keyword">GROUP</span> <span class="hljs-keyword">BY</span> TrackId;
</div></code></pre>
<h3 id="33-cr%C3%A9ation-dun-index-brin">3.3. Création d'un Index BRIN</h3>
<p>Les index BRIN (Block Range INdexes) sont efficaces pour les tables volumineuses où les données sont naturellement ordonnées.</p>
<pre class="hljs"><code><div><span class="hljs-keyword">CREATE</span> <span class="hljs-keyword">INDEX</span> idx_invoiceLine_trackId_brin <span class="hljs-keyword">ON</span> InvoiceLine <span class="hljs-keyword">USING</span> brin (TrackId);
</div></code></pre>
<h3 id="34-rejouer-la-requ%C3%AAte-avec-lindex-brin">3.4. Rejouer la Requête avec l'Index BRIN</h3>
<pre class="hljs"><code><div><span class="hljs-keyword">EXPLAIN</span> <span class="hljs-keyword">ANALYZE</span>
<span class="hljs-keyword">SELECT</span> TrackId, <span class="hljs-keyword">SUM</span>(Quantity) <span class="hljs-keyword">AS</span> TotalSales
<span class="hljs-keyword">FROM</span> InvoiceLine
<span class="hljs-keyword">GROUP</span> <span class="hljs-keyword">BY</span> TrackId;
</div></code></pre>
<hr>
<h2 id="r%C3%A9sultats-et-comparaison-des-plans-dex%C3%A9cution">Résultats et Comparaison des Plans d'Exécution</h2>
<h3 id="avant-lindexation">Avant l'Indexation</h3>
<ul>
<li><strong>Recherche par Genre</strong> :
<ul>
<li>Sans index : Scan séquentiel sur la table <code>Track</code>.</li>
</ul>
</li>
<li><strong>Recherche Textuelle</strong> :
<ul>
<li>Sans index : Scan séquentiel sur la table <code>Track</code>.</li>
</ul>
</li>
<li><strong>Analyse des Ventes par Piste</strong> :
<ul>
<li>Sans index : Scan séquentiel et agrégation coûteuse sur la table <code>InvoiceLine</code>.</li>
</ul>
</li>
</ul>
<h3 id="apr%C3%A8s-lindexation">Après l'Indexation</h3>
<ul>
<li><strong>Recherche par Genre avec Index B-tree</strong> :
<ul>
<li>Avec index : Utilisation de l'index B-tree pour un accès rapide aux pistes par genre.</li>
</ul>
</li>
<li><strong>Recherche Textuelle avec Index GIN</strong> :
<ul>
<li>Avec index : Utilisation de l'index GIN pour des recherches textuelles rapides.</li>
</ul>
</li>
<li><strong>Analyse des Ventes par Piste avec Index BRIN</strong> :
<ul>
<li>Avec index : Utilisation de l'index BRIN pour optimiser l'agrégation des ventes par piste.</li>
</ul>
</li>
</ul>
<h3 id="exemple-de-plans-dex%C3%A9cution">Exemple de Plans d'Exécution</h3>
<h4 id="avant-lindexation">Avant l'Indexation</h4>
<p><strong>Recherche par Genre</strong> :</p>
<pre class="hljs"><code><div>Seq Scan on Track  (cost=0.00..1125.00 rows=100 width=68) (actual time=0.012..12.345 rows=100 loops=1)
  Filter: (GenreId = 1)
</div></code></pre>
<p><strong>Recherche Textuelle</strong> :</p>
<pre class="hljs"><code><div>Seq Scan on Track  (cost=0.00..1250.00 rows=10 width=64) (actual time=0.015..15.678 rows=10 loops=1)
  Filter: (Name ~~* '%Love%')
</div></code></pre>
<p><strong>Analyse des Ventes par Piste</strong> :</p>
<pre class="hljs"><code><div>Seq Scan on InvoiceLine  (cost=0.00..1550.00 rows=100000 width=32) (actual time=0.022..30.456 rows=100000 loops=1)
  Group Key: TrackId
</div></code></pre>
<h4 id="apr%C3%A8s-lindexation">Après l'Indexation</h4>
<p><strong>Recherche par Genre avec Index B-tree</strong> :</p>
<pre class="hljs"><code><div>Bitmap Heap Scan on Track  (cost=4.14..24.44 rows=10 width=68) (actual time=0.010..0.025 rows=10 loops=1)
  Recheck Cond: (GenreId = 1)
  -&gt;  Bitmap Index Scan on idx_track_genreId  (cost=0.00..4.14 rows=10 width=0) (actual time=0.008..0.009 rows=10 loops=1)
</div></code></pre>
<p><strong>Recherche Textuelle avec Index GIN</strong> :</p>
<pre class="hljs"><code><div>Bitmap Heap Scan on Track  (cost=4.14..24.44 rows=10 width=64) (actual time=0.011..0.030 rows=10 loops=1)
  Recheck Cond: (to_tsvector('english'::regconfig, Name) @@ to_tsquery('english', 'Love'::text))
  -&gt;  Bitmap Index Scan on idx_track_name_gin  (cost=0.00..4.14 rows=10 width=0) (actual time=0.009..0.010 rows=10 loops=1)
</div></code></pre>
<p><strong>Analyse des Ventes par Piste avec Index BRIN</strong> :</p>
<pre class="hljs"><code><div>Bitmap Heap Scan on InvoiceLine  (cost=4.14..24.44 rows=1000 width=32) (actual time=0.022..20.456 rows=100000 loops=1)
  Recheck Cond: (TrackId = 1)
  -&gt;  Bitmap Index Scan on idx_invoiceLine_trackId_brin  (cost=0.00..4.14 rows=1000 width=0) (actual time=0.010..0.011 rows=100000 loops=1)
</div></code></pre>
<hr>

</body>

</html>